<?xml version="1.0" encoding="UTF-8"?>
<testsuite xmlns:xsi="http://www.w3.org/2001/XMLSchema-instance" xsi:noNamespaceSchemaLocation="https://maven.apache.org/surefire/maven-surefire-plugin/xsd/surefire-test-report-3.0.xsd" version="3.0" name="TestSuite" time="181.555" tests="7" errors="0" skipped="0" failures="0">
  <properties>
[...]
</properties>
  <testcase name="runScenario[&quot;Registering with ninja website&quot;, &quot;Optional[Regestering with ninja website as a guist user]&quot;](1)" classname="testRunner.TestRunner" time="47.841">
    <system-out><![CDATA[
@reg
Scenario: Registering with ninja website                &amp#27;[90m# src/test/java/features/NinjaRegistration.feature:3&amp#27;[0m
  &amp#27;[32mGiven &amp#27;[0m&amp#27;[32mI launch the registration page from ninja url&amp#27;[0m   &amp#27;[90m# stepdefinitions.NinjaRegistration.I_launch_the_registration_page_from_ninja_url()&amp#27;[0m
  &amp#27;[32mAnd &amp#27;[0m&amp#27;[32mI entered below details&amp#27;[0m                           &amp#27;[90m# stepdefinitions.NinjaRegistration.I_entered_below_details(io.cucumber.datatable.DataTable)&amp#27;[0m
  &amp#27;[32mWhen &amp#27;[0m&amp#27;[32mI accepted the privacy policy and clicked submit&amp#27;[0m &amp#27;[90m# stepdefinitions.NinjaRegistration.I_accepted_the_privacy_policy_and_clicked_submit()&amp#27;[0m
Mail id is already registered , kindly give other mail = org.openqa.selenium.NoSuchElementException: no such element: Unable to locate element: {"method":"xpath","selector":"//a[normalize-space()='Success']"}
  (Session info: chrome=92.0.4515.131)
For documentation on this error, please visit: https://www.seleniumhq.org/exceptions/no_such_element.html
Build info: version: '3.141.59', revision: 'e82be7d358', time: '2018-11-14T08:17:03'
System info: host: 'DESKTOP-N73IAD5', ip: '192.168.199.18', os.name: 'Windows 10', os.arch: 'amd64', os.version: '10.0', java.version: '11.0.11'
Driver info: org.openqa.selenium.chrome.ChromeDriver
Capabilities {acceptInsecureCerts: false, browserName: chrome, browserVersion: 92.0.4515.131, chrome: {chromedriverVersion: 92.0.4515.107 (87a818b10553..., userDataDir: C:\Users\7du\AppData\Local\...}, goog:chromeOptions: {debuggerAddress: localhost:62528}, javascriptEnabled: true, networkConnectionEnabled: false, pageLoadStrategy: normal, platform: WINDOWS, platformName: WINDOWS, proxy: Proxy(), setWindowRect: true, strictFileInteractability: false, timeouts: {implicit: 0, pageLoad: 300000, script: 30000}, unhandledPromptBehavior: dismiss and notify, webauthn:extension:credBlob: true, webauthn:extension:largeBlob: true, webauthn:virtualAuthenticators: true}
Session ID: 79d4530627f85e6a11df859b7a511f53
*** Element info: {Using=xpath, value=//a[normalize-space()='Success']}
  &amp#27;[32mThen &amp#27;[0m&amp#27;[32mUser registered successfully&amp#27;[0m                     &amp#27;[90m# stepdefinitions.NinjaRegistration.User_registered_successfully()&amp#27;[0m
]]></system-out>
    <system-err><![CDATA[SLF4J: Failed to load class "org.slf4j.impl.StaticLoggerBinder".
SLF4J: Defaulting to no-operation (NOP) logger implementation
SLF4J: See http://www.slf4j.org/codes.html#StaticLoggerBinder for further details.
Starting ChromeDriver 92.0.4515.107 (87a818b10553a07434ea9e2b6dccf3cbe7895134-refs/branch-heads/4515@{#1634}) on port 7793
Only local connections are allowed.
Please see https://chromedriver.chromium.org/security-considerations for suggestions on keeping ChromeDriver safe.
ChromeDriver was started successfully.
Aug 11, 2021 8:45:08 AM org.openqa.selenium.remote.ProtocolHandshake createSession
INFO: Detected dialect: W3C
]]></system-err>
  </testcase>
  <testcase name="runScenario[&quot;login to the ninja website with valid credentials&quot;, &quot;Optional[login into the ninja website with credentials]&quot;](2)" classname="testRunner.TestRunner" time="22.062">
    <system-out><![CDATA[
@All @Ninja
Scenario: login to the ninja website with valid credentials &amp#27;[90m# src/test/java/features/Ninjalogin.feature:3&amp#27;[0m
  &amp#27;[32mGiven &amp#27;[0m&amp#27;[32mI launched the Ninja website and lauched login page&amp#27;[0m &amp#27;[90m# stepdefinitions.Ninjalogin.i_launched_the_ninja_website_and_lauched_login_page()&amp#27;[0m
  &amp#27;[32mAnd &amp#27;[0m&amp#27;[32mI entered username and password&amp#27;[0m                       &amp#27;[90m# stepdefinitions.Ninjalogin.i_entered_username_and_password()&amp#27;[0m
  &amp#27;[32mWhen &amp#27;[0m&amp#27;[32mi click on submit button&amp#27;[0m                             &amp#27;[90m# stepdefinitions.Ninjalogin.i_click_on_submit_button()&amp#27;[0m
successfully logged in to the ninja
  &amp#27;[32mThen &amp#27;[0m&amp#27;[32muser logged in successfully&amp#27;[0m                          &amp#27;[90m# stepdefinitions.Ninjalogin.user_logged_in_successfully()&amp#27;[0m
]]></system-out>
    <system-err><![CDATA[Starting ChromeDriver 92.0.4515.107 (87a818b10553a07434ea9e2b6dccf3cbe7895134-refs/branch-heads/4515@{#1634}) on port 28775
Only local connections are allowed.
Please see https://chromedriver.chromium.org/security-considerations for suggestions on keeping ChromeDriver safe.
ChromeDriver was started successfully.
Aug 11, 2021 8:45:44 AM org.openqa.selenium.remote.ProtocolHandshake createSession
INFO: Detected dialect: W3C
]]></system-err>
  </testcase>
  <testcase name="runScenario[&quot;login to the ninja website with invalid credentials&quot;, &quot;Optional[login into the ninja website with credentials]&quot;](3)" classname="testRunner.TestRunner" time="22.279">
    <system-out><![CDATA[
@smoke @Ninja
Scenario: login to the ninja website with invalid credentials &amp#27;[90m# src/test/java/features/Ninjalogin.feature:9&amp#27;[0m
  &amp#27;[32mGiven &amp#27;[0m&amp#27;[32mI launched the Ninja website and lauched login page&amp#27;[0m   &amp#27;[90m# stepdefinitions.Ninjalogin.i_launched_the_ninja_website_and_lauched_login_page()&amp#27;[0m
  &amp#27;[32mAnd &amp#27;[0m&amp#27;[32mI entered invalid username and password&amp#27;[0m                 &amp#27;[90m# stepdefinitions.Ninjalogin.i_entered_invalid_username_and_password()&amp#27;[0m
  &amp#27;[32mWhen &amp#27;[0m&amp#27;[32mi click on submit button&amp#27;[0m                               &amp#27;[90m# stepdefinitions.Ninjalogin.i_click_on_submit_button()&amp#27;[0m
Failed to login =  true
Yes user failed to login , this we require
  &amp#27;[32mThen &amp#27;[0m&amp#27;[32muser failed to login to the website&amp#27;[0m                    &amp#27;[90m# stepdefinitions.Ninjalogin.user_failed_to_login_to_the_website()&amp#27;[0m
]]></system-out>
    <system-err><![CDATA[Starting ChromeDriver 92.0.4515.107 (87a818b10553a07434ea9e2b6dccf3cbe7895134-refs/branch-heads/4515@{#1634}) on port 29132
Only local connections are allowed.
Please see https://chromedriver.chromium.org/security-considerations for suggestions on keeping ChromeDriver safe.
ChromeDriver was started successfully.
Aug 11, 2021 8:46:07 AM org.openqa.selenium.remote.ProtocolHandshake createSession
INFO: Detected dialect: W3C
]]></system-err>
  </testcase>
  <testcase name="runScenario[&quot;login to the ninja website with no details&quot;, &quot;Optional[login into the ninja website with credentials]&quot;](4)" classname="testRunner.TestRunner" time="19.854">
    <system-out><![CDATA[
@smoke @Regression @Ninja
Scenario: login to the ninja website with no details        &amp#27;[90m# src/test/java/features/Ninjalogin.feature:15&amp#27;[0m
  &amp#27;[32mGiven &amp#27;[0m&amp#27;[32mI launched the Ninja website and lauched login page&amp#27;[0m &amp#27;[90m# stepdefinitions.Ninjalogin.i_launched_the_ninja_website_and_lauched_login_page()&amp#27;[0m
USER NOT ENTERED ANY VALUES
  &amp#27;[32mAnd &amp#27;[0m&amp#27;[32mI not entered any values&amp#27;[0m                              &amp#27;[90m# stepdefinitions.Ninjalogin.i_not_entered_any_values()&amp#27;[0m
  &amp#27;[32mWhen &amp#27;[0m&amp#27;[32mi click on submit button&amp#27;[0m                             &amp#27;[90m# stepdefinitions.Ninjalogin.i_click_on_submit_button()&amp#27;[0m
Failed to login =  true
Yes user failed to login , this we require
  &amp#27;[32mThen &amp#27;[0m&amp#27;[32muser failed to login to the website&amp#27;[0m                  &amp#27;[90m# stepdefinitions.Ninjalogin.user_failed_to_login_to_the_website()&amp#27;[0m
]]></system-out>
    <system-err><![CDATA[Starting ChromeDriver 92.0.4515.107 (87a818b10553a07434ea9e2b6dccf3cbe7895134-refs/branch-heads/4515@{#1634}) on port 4470
Only local connections are allowed.
Please see https://chromedriver.chromium.org/security-considerations for suggestions on keeping ChromeDriver safe.
ChromeDriver was started successfully.
Aug 11, 2021 8:46:29 AM org.openqa.selenium.remote.ProtocolHandshake createSession
INFO: Detected dialect: W3C
]]></system-err>
  </testcase>
  <testcase name="runScenario[&quot;user should login with valid credentials&quot;, &quot;Optional[Login to the omayo blog]&quot;](5)" classname="testRunner.TestRunner" time="22.15">
    <system-out><![CDATA[
@smoke @omayologin
Scenario Outline: user should login with valid credentials &amp#27;[90m# src/test/java/features/omayo.feature:10&amp#27;[0m
  &amp#27;[32mGiven &amp#27;[0m&amp#27;[32mI navigated to the blog home page&amp#27;[0m                  &amp#27;[90m# stepdefinitions.Omayo2.i_navigated_to_the_blog_home_page()&amp#27;[0m
division with zero is undefined, kindly check it =java.lang.ArithmeticException: / by zero
  &amp#27;[32mWhen &amp#27;[0m&amp#27;[32mI have entered &amp#27;[0m&amp#27;[32m&amp#27;[1marun&amp#27;[0m&amp#27;[32m and &amp#27;[0m&amp#27;[32m&amp#27;[1m1234&amp#27;[0m                        &amp#27;[90m# stepdefinitions.Omayo2.i_have_entered_and(java.lang.String,java.lang.String)&amp#27;[0m
  &amp#27;[32mAnd &amp#27;[0m&amp#27;[32mI click on submit button&amp#27;[0m                             &amp#27;[90m# stepdefinitions.Omayo2.i_click_on_submit_button()&amp#27;[0m
>>>>>> I am in try block
user login with the expected status=   Failure
  &amp#27;[32mThen &amp#27;[0m&amp#27;[32mUser should be login with the &amp#27;[0m&amp#27;[32m&amp#27;[1mFailure&amp#27;[0m&amp#27;[32m status&amp#27;[0m        &amp#27;[90m# stepdefinitions.Omayo2.user_should_be_login_with_the_status(java.lang.String)&amp#27;[0m
]]></system-out>
    <system-err><![CDATA[Starting ChromeDriver 92.0.4515.107 (87a818b10553a07434ea9e2b6dccf3cbe7895134-refs/branch-heads/4515@{#1634}) on port 5680
Only local connections are allowed.
Please see https://chromedriver.chromium.org/security-considerations for suggestions on keeping ChromeDriver safe.
ChromeDriver was started successfully.
Aug 11, 2021 8:46:50 AM org.openqa.selenium.remote.ProtocolHandshake createSession
INFO: Detected dialect: W3C
]]></system-err>
  </testcase>
  <testcase name="runScenario[&quot;user should login with valid credentials&quot;, &quot;Optional[Login to the omayo blog]&quot;](6)" classname="testRunner.TestRunner" time="19.048">
    <system-out><![CDATA[
@smoke @omayologin
Scenario Outline: user should login with valid credentials &amp#27;[90m# src/test/java/features/omayo.feature:11&amp#27;[0m
  &amp#27;[32mGiven &amp#27;[0m&amp#27;[32mI navigated to the blog home page&amp#27;[0m                  &amp#27;[90m# stepdefinitions.Omayo2.i_navigated_to_the_blog_home_page()&amp#27;[0m
division with zero is undefined, kindly check it =java.lang.ArithmeticException: / by zero
  &amp#27;[32mWhen &amp#27;[0m&amp#27;[32mI have entered &amp#27;[0m&amp#27;[32m&amp#27;[1mSeleniumByArun&amp#27;[0m&amp#27;[32m and &amp#27;[0m&amp#27;[32m&amp#27;[1mTest143$&amp#27;[0m          &amp#27;[90m# stepdefinitions.Omayo2.i_have_entered_and(java.lang.String,java.lang.String)&amp#27;[0m
  &amp#27;[32mAnd &amp#27;[0m&amp#27;[32mI click on submit button&amp#27;[0m                             &amp#27;[90m# stepdefinitions.Omayo2.i_click_on_submit_button()&amp#27;[0m
>>>>>> I am in catch block
user login with the expected status=   Success
  &amp#27;[32mThen &amp#27;[0m&amp#27;[32mUser should be login with the &amp#27;[0m&amp#27;[32m&amp#27;[1mSuccess&amp#27;[0m&amp#27;[32m status&amp#27;[0m        &amp#27;[90m# stepdefinitions.Omayo2.user_should_be_login_with_the_status(java.lang.String)&amp#27;[0m
]]></system-out>
    <system-err><![CDATA[Starting ChromeDriver 92.0.4515.107 (87a818b10553a07434ea9e2b6dccf3cbe7895134-refs/branch-heads/4515@{#1634}) on port 34712
Only local connections are allowed.
Please see https://chromedriver.chromium.org/security-considerations for suggestions on keeping ChromeDriver safe.
ChromeDriver was started successfully.
Aug 11, 2021 8:47:10 AM org.openqa.selenium.remote.ProtocolHandshake createSession
INFO: Detected dialect: W3C
]]></system-err>
  </testcase>
  <testcase name="runScenario[&quot;user should login with valid credentials&quot;, &quot;Optional[Login to the omayo blog]&quot;](7)" classname="testRunner.TestRunner" time="18.848">
    <system-out><![CDATA[
@smoke @omayologin
Scenario Outline: user should login with valid credentials &amp#27;[90m# src/test/java/features/omayo.feature:12&amp#27;[0m
  &amp#27;[32mGiven &amp#27;[0m&amp#27;[32mI navigated to the blog home page&amp#27;[0m                  &amp#27;[90m# stepdefinitions.Omayo2.i_navigated_to_the_blog_home_page()&amp#27;[0m
division with zero is undefined, kindly check it =java.lang.ArithmeticException: / by zero
  &amp#27;[32mWhen &amp#27;[0m&amp#27;[32mI have entered &amp#27;[0m&amp#27;[32m&amp#27;[1mTest&amp#27;[0m&amp#27;[32m and &amp#27;[0m&amp#27;[32m&amp#27;[1m4321&amp#27;[0m                        &amp#27;[90m# stepdefinitions.Omayo2.i_have_entered_and(java.lang.String,java.lang.String)&amp#27;[0m
  &amp#27;[32mAnd &amp#27;[0m&amp#27;[32mI click on submit button&amp#27;[0m                             &amp#27;[90m# stepdefinitions.Omayo2.i_click_on_submit_button()&amp#27;[0m
>>>>>> I am in try block
user login with the expected status=   Failure
  &amp#27;[32mThen &amp#27;[0m&amp#27;[32mUser should be login with the &amp#27;[0m&amp#27;[32m&amp#27;[1mFailure&amp#27;[0m&amp#27;[32m status&amp#27;[0m        &amp#27;[90m# stepdefinitions.Omayo2.user_should_be_login_with_the_status(java.lang.String)&amp#27;[0m
]]></system-out>
    <system-err><![CDATA[Starting ChromeDriver 92.0.4515.107 (87a818b10553a07434ea9e2b6dccf3cbe7895134-refs/branch-heads/4515@{#1634}) on port 42925
Only local connections are allowed.
Please see https://chromedriver.chromium.org/security-considerations for suggestions on keeping ChromeDriver safe.
ChromeDriver was started successfully.
Aug 11, 2021 8:47:30 AM org.openqa.selenium.remote.ProtocolHandshake createSession
INFO: Detected dialect: W3C
]]></system-err>
  </testcase>
</testsuite>