<?xml version="1.0" encoding="UTF-8"?>
<testng-results ignored="0" total="7" passed="7" failed="0" skipped="0">
  <reporter-output>
  </reporter-output>
  <suite started-at="2021-08-11T08:44:47 IST" name="Suite" finished-at="2021-08-11T08:47:44 IST" duration-ms="176834">
    <groups>
      <group name="cucumber">
        <method signature="AbstractTestNGCucumberTests.runScenario(io.cucumber.testng.PickleWrapper,io.cucumber.testng.FeatureWrapper)[pri:0, instance:testRunner.TestRunner@20f5239f]" name="runScenario" class="io.cucumber.testng.AbstractTestNGCucumberTests"/>
      </group> <!-- cucumber -->
    </groups>
    <test started-at="2021-08-11T08:44:47 IST" name="Test" finished-at="2021-08-11T08:47:44 IST" duration-ms="176834">
      <class name="testRunner.TestRunner">
        <test-method is-config="true" signature="setUpClass()[pri:0, instance:testRunner.TestRunner@20f5239f]" started-at="2021-08-11T08:44:47 IST" name="setUpClass" finished-at="2021-08-11T08:44:51 IST" duration-ms="4090" status="PASS">
          <reporter-output>
          </reporter-output>
        </test-method> <!-- setUpClass -->
        <test-method signature="runScenario(io.cucumber.testng.PickleWrapper,io.cucumber.testng.FeatureWrapper)[pri:0, instance:testRunner.TestRunner@20f5239f]" started-at="2021-08-11T08:44:52 IST" name="runScenario" description="Runs Cucumber Scenarios" data-provider="scenarios" finished-at="2021-08-11T08:45:39 IST" duration-ms="47330" status="PASS">
          <params>
            <param index="0">
              <value>
                <![CDATA["Registering with ninja website"]]>
              </value>
            </param>
            <param index="1">
              <value>
                <![CDATA["Optional[Regestering with ninja website as a guist user]"]]>
              </value>
            </param>
          </params>
          <reporter-output>
          </reporter-output>
        </test-method> <!-- runScenario -->
        <test-method signature="runScenario(io.cucumber.testng.PickleWrapper,io.cucumber.testng.FeatureWrapper)[pri:0, instance:testRunner.TestRunner@20f5239f]" started-at="2021-08-11T08:45:39 IST" name="runScenario" description="Runs Cucumber Scenarios" data-provider="scenarios" finished-at="2021-08-11T08:46:01 IST" duration-ms="22017" status="PASS">
          <params>
            <param index="0">
              <value>
                <![CDATA["login to the ninja website with valid credentials"]]>
              </value>
            </param>
            <param index="1">
              <value>
                <![CDATA["Optional[login into the ninja website with credentials]"]]>
              </value>
            </param>
          </params>
          <reporter-output>
          </reporter-output>
        </test-method> <!-- runScenario -->
        <test-method signature="runScenario(io.cucumber.testng.PickleWrapper,io.cucumber.testng.FeatureWrapper)[pri:0, instance:testRunner.TestRunner@20f5239f]" started-at="2021-08-11T08:46:01 IST" name="runScenario" description="Runs Cucumber Scenarios" data-provider="scenarios" finished-at="2021-08-11T08:46:23 IST" duration-ms="22264" status="PASS">
          <params>
            <param index="0">
              <value>
                <![CDATA["login to the ninja website with invalid credentials"]]>
              </value>
            </param>
            <param index="1">
              <value>
                <![CDATA["Optional[login into the ninja website with credentials]"]]>
              </value>
            </param>
          </params>
          <reporter-output>
          </reporter-output>
        </test-method> <!-- runScenario -->
        <test-method signature="runScenario(io.cucumber.testng.PickleWrapper,io.cucumber.testng.FeatureWrapper)[pri:0, instance:testRunner.TestRunner@20f5239f]" started-at="2021-08-11T08:46:23 IST" name="runScenario" description="Runs Cucumber Scenarios" data-provider="scenarios" finished-at="2021-08-11T08:46:43 IST" duration-ms="20132" status="PASS">
          <params>
            <param index="0">
              <value>
                <![CDATA["login to the ninja website with no details"]]>
              </value>
            </param>
            <param index="1">
              <value>
                <![CDATA["Optional[login into the ninja website with credentials]"]]>
              </value>
            </param>
          </params>
          <reporter-output>
          </reporter-output>
        </test-method> <!-- runScenario -->
        <test-method signature="runScenario(io.cucumber.testng.PickleWrapper,io.cucumber.testng.FeatureWrapper)[pri:0, instance:testRunner.TestRunner@20f5239f]" started-at="2021-08-11T08:46:44 IST" name="runScenario" description="Runs Cucumber Scenarios" data-provider="scenarios" finished-at="2021-08-11T08:47:05 IST" duration-ms="21551" status="PASS">
          <params>
            <param index="0">
              <value>
                <![CDATA["user should login with valid credentials"]]>
              </value>
            </param>
            <param index="1">
              <value>
                <![CDATA["Optional[Login to the omayo blog]"]]>
              </value>
            </param>
          </params>
          <reporter-output>
          </reporter-output>
        </test-method> <!-- runScenario -->
        <test-method signature="runScenario(io.cucumber.testng.PickleWrapper,io.cucumber.testng.FeatureWrapper)[pri:0, instance:testRunner.TestRunner@20f5239f]" started-at="2021-08-11T08:47:05 IST" name="runScenario" description="Runs Cucumber Scenarios" data-provider="scenarios" finished-at="2021-08-11T08:47:25 IST" duration-ms="19369" status="PASS">
          <params>
            <param index="0">
              <value>
                <![CDATA["user should login with valid credentials"]]>
              </value>
            </param>
            <param index="1">
              <value>
                <![CDATA["Optional[Login to the omayo blog]"]]>
              </value>
            </param>
          </params>
          <reporter-output>
          </reporter-output>
        </test-method> <!-- runScenario -->
        <test-method signature="runScenario(io.cucumber.testng.PickleWrapper,io.cucumber.testng.FeatureWrapper)[pri:0, instance:testRunner.TestRunner@20f5239f]" started-at="2021-08-11T08:47:25 IST" name="runScenario" description="Runs Cucumber Scenarios" data-provider="scenarios" finished-at="2021-08-11T08:47:43 IST" duration-ms="18760" status="PASS">
          <params>
            <param index="0">
              <value>
                <![CDATA["user should login with valid credentials"]]>
              </value>
            </param>
            <param index="1">
              <value>
                <![CDATA["Optional[Login to the omayo blog]"]]>
              </value>
            </param>
          </params>
          <reporter-output>
          </reporter-output>
        </test-method> <!-- runScenario -->
        <test-method is-config="true" signature="tearDownClass()[pri:0, instance:testRunner.TestRunner@20f5239f]" started-at="2021-08-11T08:47:44 IST" name="tearDownClass" finished-at="2021-08-11T08:47:44 IST" duration-ms="503" status="PASS">
          <reporter-output>
          </reporter-output>
        </test-method> <!-- tearDownClass -->
      </class> <!-- testRunner.TestRunner -->
    </test> <!-- Test -->
  </suite> <!-- Suite -->
</testng-results>
