<?xml version="1.0" encoding="UTF-8"?>
<testng-results ignored="0" total="7" passed="7" failed="0" skipped="0">
  <reporter-output>
  </reporter-output>
  <suite started-at="2021-08-08T17:23:29 IST" name="Suite" finished-at="2021-08-08T17:25:16 IST" duration-ms="106507">
    <groups>
      <group name="cucumber">
        <method signature="AbstractTestNGCucumberTests.runScenario(io.cucumber.testng.PickleWrapper,io.cucumber.testng.FeatureWrapper)[pri:0, instance:testRunner.TestRunner@3c7f66c4]" name="runScenario" class="io.cucumber.testng.AbstractTestNGCucumberTests"/>
      </group> <!-- cucumber -->
    </groups>
    <test started-at="2021-08-08T17:23:29 IST" name="Test" finished-at="2021-08-08T17:25:16 IST" duration-ms="106507">
      <class name="testRunner.TestRunner">
        <test-method is-config="true" signature="setUpClass()[pri:0, instance:testRunner.TestRunner@3c7f66c4]" started-at="2021-08-08T17:23:29 IST" name="setUpClass" finished-at="2021-08-08T17:23:32 IST" duration-ms="2318" status="PASS">
          <reporter-output>
          </reporter-output>
        </test-method> <!-- setUpClass -->
        <test-method signature="runScenario(io.cucumber.testng.PickleWrapper,io.cucumber.testng.FeatureWrapper)[pri:0, instance:testRunner.TestRunner@3c7f66c4]" started-at="2021-08-08T17:23:32 IST" name="runScenario" description="Runs Cucumber Scenarios" data-provider="scenarios" finished-at="2021-08-08T17:24:01 IST" duration-ms="29307" status="PASS">
          <params>
            <param index="0">
              <value>
                <![CDATA["Registering with ninja website"]]>
              </value>
            </param>
            <param index="1">
              <value>
                <![CDATA["Optional[Regestering with ninja website as a guist user]"]]>
              </value>
            </param>
          </params>
          <reporter-output>
          </reporter-output>
        </test-method> <!-- runScenario -->
        <test-method signature="runScenario(io.cucumber.testng.PickleWrapper,io.cucumber.testng.FeatureWrapper)[pri:0, instance:testRunner.TestRunner@3c7f66c4]" started-at="2021-08-08T17:24:01 IST" name="runScenario" description="Runs Cucumber Scenarios" data-provider="scenarios" finished-at="2021-08-08T17:24:15 IST" duration-ms="13676" status="PASS">
          <params>
            <param index="0">
              <value>
                <![CDATA["login to the ninja website with valid credentials"]]>
              </value>
            </param>
            <param index="1">
              <value>
                <![CDATA["Optional[login into the ninja website with credentials]"]]>
              </value>
            </param>
          </params>
          <reporter-output>
          </reporter-output>
        </test-method> <!-- runScenario -->
        <test-method signature="runScenario(io.cucumber.testng.PickleWrapper,io.cucumber.testng.FeatureWrapper)[pri:0, instance:testRunner.TestRunner@3c7f66c4]" started-at="2021-08-08T17:24:15 IST" name="runScenario" description="Runs Cucumber Scenarios" data-provider="scenarios" finished-at="2021-08-08T17:24:28 IST" duration-ms="13163" status="PASS">
          <params>
            <param index="0">
              <value>
                <![CDATA["login to the ninja website with invalid credentials"]]>
              </value>
            </param>
            <param index="1">
              <value>
                <![CDATA["Optional[login into the ninja website with credentials]"]]>
              </value>
            </param>
          </params>
          <reporter-output>
          </reporter-output>
        </test-method> <!-- runScenario -->
        <test-method signature="runScenario(io.cucumber.testng.PickleWrapper,io.cucumber.testng.FeatureWrapper)[pri:0, instance:testRunner.TestRunner@3c7f66c4]" started-at="2021-08-08T17:24:28 IST" name="runScenario" description="Runs Cucumber Scenarios" data-provider="scenarios" finished-at="2021-08-08T17:24:40 IST" duration-ms="12503" status="PASS">
          <params>
            <param index="0">
              <value>
                <![CDATA["login to the ninja website with no details"]]>
              </value>
            </param>
            <param index="1">
              <value>
                <![CDATA["Optional[login into the ninja website with credentials]"]]>
              </value>
            </param>
          </params>
          <reporter-output>
          </reporter-output>
        </test-method> <!-- runScenario -->
        <test-method signature="runScenario(io.cucumber.testng.PickleWrapper,io.cucumber.testng.FeatureWrapper)[pri:0, instance:testRunner.TestRunner@3c7f66c4]" started-at="2021-08-08T17:24:40 IST" name="runScenario" description="Runs Cucumber Scenarios" data-provider="scenarios" finished-at="2021-08-08T17:24:52 IST" duration-ms="11507" status="PASS">
          <params>
            <param index="0">
              <value>
                <![CDATA["user should login with valid credentials"]]>
              </value>
            </param>
            <param index="1">
              <value>
                <![CDATA["Optional[Login to the omayo blog]"]]>
              </value>
            </param>
          </params>
          <reporter-output>
          </reporter-output>
        </test-method> <!-- runScenario -->
        <test-method signature="runScenario(io.cucumber.testng.PickleWrapper,io.cucumber.testng.FeatureWrapper)[pri:0, instance:testRunner.TestRunner@3c7f66c4]" started-at="2021-08-08T17:24:52 IST" name="runScenario" description="Runs Cucumber Scenarios" data-provider="scenarios" finished-at="2021-08-08T17:25:04 IST" duration-ms="12079" status="PASS">
          <params>
            <param index="0">
              <value>
                <![CDATA["user should login with valid credentials"]]>
              </value>
            </param>
            <param index="1">
              <value>
                <![CDATA["Optional[Login to the omayo blog]"]]>
              </value>
            </param>
          </params>
          <reporter-output>
          </reporter-output>
        </test-method> <!-- runScenario -->
        <test-method signature="runScenario(io.cucumber.testng.PickleWrapper,io.cucumber.testng.FeatureWrapper)[pri:0, instance:testRunner.TestRunner@3c7f66c4]" started-at="2021-08-08T17:25:04 IST" name="runScenario" description="Runs Cucumber Scenarios" data-provider="scenarios" finished-at="2021-08-08T17:25:15 IST" duration-ms="11332" status="PASS">
          <params>
            <param index="0">
              <value>
                <![CDATA["user should login with valid credentials"]]>
              </value>
            </param>
            <param index="1">
              <value>
                <![CDATA["Optional[Login to the omayo blog]"]]>
              </value>
            </param>
          </params>
          <reporter-output>
          </reporter-output>
        </test-method> <!-- runScenario -->
        <test-method is-config="true" signature="tearDownClass()[pri:0, instance:testRunner.TestRunner@3c7f66c4]" started-at="2021-08-08T17:25:15 IST" name="tearDownClass" finished-at="2021-08-08T17:25:16 IST" duration-ms="339" status="PASS">
          <reporter-output>
          </reporter-output>
        </test-method> <!-- tearDownClass -->
      </class> <!-- testRunner.TestRunner -->
    </test> <!-- Test -->
  </suite> <!-- Suite -->
</testng-results>
